<?xml version="1.0" encoding="UTF-8"?>
<testsuite xmlns:xsi="http://www.w3.org/2001/XMLSchema-instance" xsi:noNamespaceSchemaLocation="https://maven.apache.org/surefire/maven-surefire-plugin/xsd/surefire-test-report.xsd" name="com.springcurso.repository.ResquestStageRepositoryTests" time="0.067" tests="2" errors="0" skipped="0" failures="1">
  <properties>
[...]
</properties>
  <testcase name="aSaveTest" classname="com.springcurso.repository.ResquestStageRepositoryTests" time="0.04">
    <failure message="&#10;Expecting:&#10; &lt;17L&gt;&#10;to be equal to:&#10; &lt;1L&gt;&#10;but was not." type="org.opentest4j.AssertionFailedError"><![CDATA[org.opentest4j.AssertionFailedError: 

Expecting:
 <17L>
to be equal to:
 <1L>
but was not.
	at com.springcurso.repository.ResquestStageRepositoryTests.aSaveTest(ResquestStageRepositoryTests.java:42)
]]></failure>
    <system-out><![CDATA[Hibernate: insert into request_stage (description, realization_date, request_id, state, user_id) values (?, ?, ?, ?, ?)
Hibernate: select currval('request_stage_id_seq')
]]></system-out>
  </testcase>
  <testcase name="fingByIdTest" classname="com.springcurso.repository.ResquestStageRepositoryTests" time="0.023"/>
</testsuite>